<?xml version="1.0" encoding="UTF-8"?>
<testng-results ignored="0" total="1" passed="1" failed="0" skipped="0">
  <reporter-output>
  </reporter-output>
  <suite started-at="2021-12-09T18:04:33 CST" name="Default suite" finished-at="2021-12-09T18:04:41 CST" duration-ms="7743">
    <groups>
    </groups>
    <test started-at="2021-12-09T18:04:33 CST" name="Default test" finished-at="2021-12-09T18:04:41 CST" duration-ms="7743">
      <class name="com.orangehrm.hybridframe.testCases.LoginTC">
        <test-method is-config="true" signature="setupSuite()[pri:0, instance:com.orangehrm.hybridframe.testCases.LoginTC@24fcf36f]" started-at="2021-12-09T18:04:32 CST" name="setupSuite" finished-at="2021-12-09T18:04:33 CST" duration-ms="1135" status="PASS">
          <reporter-output>
          </reporter-output>
        </test-method> <!-- setupSuite -->
        <test-method is-config="true" signature="setUp(java.lang.String)[pri:0, instance:com.orangehrm.hybridframe.testCases.LoginTC@24fcf36f]" started-at="2021-12-09T18:04:33 CST" name="setUp" finished-at="2021-12-09T18:04:38 CST" duration-ms="4772" status="PASS">
          <params>
            <param index="0">
              <value>
                <![CDATA[Chrome]]>
              </value>
            </param>
          </params>
          <reporter-output>
          </reporter-output>
        </test-method> <!-- setUp -->
        <test-method signature="loginOrangeHrmTest()[pri:0, instance:com.orangehrm.hybridframe.testCases.LoginTC@24fcf36f]" started-at="2021-12-09T18:04:38 CST" name="loginOrangeHrmTest" finished-at="2021-12-09T18:04:40 CST" duration-ms="2137" status="PASS">
          <reporter-output>
          </reporter-output>
        </test-method> <!-- loginOrangeHrmTest -->
        <test-method is-config="true" signature="tearDown()[pri:0, instance:com.orangehrm.hybridframe.testCases.LoginTC@24fcf36f]" started-at="2021-12-09T18:04:40 CST" name="tearDown" finished-at="2021-12-09T18:04:41 CST" duration-ms="769" status="PASS">
          <reporter-output>
          </reporter-output>
        </test-method> <!-- tearDown -->
      </class> <!-- com.orangehrm.hybridframe.testCases.LoginTC -->
    </test> <!-- Default test -->
  </suite> <!-- Default suite -->
</testng-results>
